<?xml version="1.0" encoding="UTF-8"?>
<testsuite xmlns:xsi="http://www.w3.org/2001/XMLSchema-instance" xsi:noNamespaceSchemaLocation="https://maven.apache.org/surefire/maven-surefire-plugin/xsd/surefire-test-report-3.0.xsd" version="3.0" name="com.proj.services.TestCases" time="0.044" tests="9" errors="0" skipped="0" failures="0">
  <properties>
    <property name="sun.desktop" value="windows"/>
    <property name="awt.toolkit" value="sun.awt.windows.WToolkit"/>
    <property name="java.specification.version" value="11"/>
    <property name="sun.cpu.isalist" value="amd64"/>
    <property name="sun.jnu.encoding" value="Cp1252"/>
    <property name="java.class.path" value="C:\Users\tusharbajaj\Desktop\dev ops\week1\self\springMVC\calc\target\test-classes;C:\Users\tusharbajaj\Desktop\dev ops\week1\self\springMVC\calc\target\classes;C:\Users\tusharbajaj\.m2\repository\junit\junit\4.13.2\junit-4.13.2.jar;C:\Users\tusharbajaj\.m2\repository\org\hamcrest\hamcrest-core\1.3\hamcrest-core-1.3.jar;C:\Users\tusharbajaj\.m2\repository\org\springframework\spring-webmvc\5.1.1.RELEASE\spring-webmvc-5.1.1.RELEASE.jar;C:\Users\tusharbajaj\.m2\repository\org\springframework\spring-aop\5.1.1.RELEASE\spring-aop-5.1.1.RELEASE.jar;C:\Users\tusharbajaj\.m2\repository\org\springframework\spring-beans\5.1.1.RELEASE\spring-beans-5.1.1.RELEASE.jar;C:\Users\tusharbajaj\.m2\repository\org\springframework\spring-context\5.1.1.RELEASE\spring-context-5.1.1.RELEASE.jar;C:\Users\tusharbajaj\.m2\repository\org\springframework\spring-core\5.1.1.RELEASE\spring-core-5.1.1.RELEASE.jar;C:\Users\tusharbajaj\.m2\repository\org\springframework\spring-jcl\5.1.1.RELEASE\spring-jcl-5.1.1.RELEASE.jar;C:\Users\tusharbajaj\.m2\repository\org\springframework\spring-expression\5.1.1.RELEASE\spring-expression-5.1.1.RELEASE.jar;C:\Users\tusharbajaj\.m2\repository\org\springframework\spring-web\5.1.1.RELEASE\spring-web-5.1.1.RELEASE.jar;C:\Users\tusharbajaj\.m2\repository\org\springframework\spring-test\5.1.1.RELEASE\spring-test-5.1.1.RELEASE.jar;C:\Users\tusharbajaj\.m2\repository\javax\servlet\javax.servlet-api\3.0.1\javax.servlet-api-3.0.1.jar;"/>
    <property name="java.vm.vendor" value="Oracle Corporation"/>
    <property name="sun.arch.data.model" value="64"/>
    <property name="user.variant" value=""/>
    <property name="java.vendor.url" value="http://java.oracle.com/"/>
    <property name="user.timezone" value="Asia/Calcutta"/>
    <property name="java.vm.specification.version" value="11"/>
    <property name="os.name" value="Windows 10"/>
    <property name="sun.java.launcher" value="SUN_STANDARD"/>
    <property name="user.country" value="IN"/>
    <property name="sun.boot.library.path" value="C:\Program Files\RedHat\java-11-openjdk-11.0.5-2\bin"/>
    <property name="sun.java.command" value="C:\Users\tusharbajaj\AppData\Local\Temp\surefire18099555817019558491\surefirebooter3123169516401372284.jar C:\Users\tusharbajaj\AppData\Local\Temp\surefire18099555817019558491 2023-03-27T11-39-46_812-jvmRun1 surefire15417417260777910743tmp surefire_013319069279698518411tmp"/>
    <property name="jdk.debug" value="release"/>
    <property name="surefire.test.class.path" value="C:\Users\tusharbajaj\Desktop\dev ops\week1\self\springMVC\calc\target\test-classes;C:\Users\tusharbajaj\Desktop\dev ops\week1\self\springMVC\calc\target\classes;C:\Users\tusharbajaj\.m2\repository\junit\junit\4.13.2\junit-4.13.2.jar;C:\Users\tusharbajaj\.m2\repository\org\hamcrest\hamcrest-core\1.3\hamcrest-core-1.3.jar;C:\Users\tusharbajaj\.m2\repository\org\springframework\spring-webmvc\5.1.1.RELEASE\spring-webmvc-5.1.1.RELEASE.jar;C:\Users\tusharbajaj\.m2\repository\org\springframework\spring-aop\5.1.1.RELEASE\spring-aop-5.1.1.RELEASE.jar;C:\Users\tusharbajaj\.m2\repository\org\springframework\spring-beans\5.1.1.RELEASE\spring-beans-5.1.1.RELEASE.jar;C:\Users\tusharbajaj\.m2\repository\org\springframework\spring-context\5.1.1.RELEASE\spring-context-5.1.1.RELEASE.jar;C:\Users\tusharbajaj\.m2\repository\org\springframework\spring-core\5.1.1.RELEASE\spring-core-5.1.1.RELEASE.jar;C:\Users\tusharbajaj\.m2\repository\org\springframework\spring-jcl\5.1.1.RELEASE\spring-jcl-5.1.1.RELEASE.jar;C:\Users\tusharbajaj\.m2\repository\org\springframework\spring-expression\5.1.1.RELEASE\spring-expression-5.1.1.RELEASE.jar;C:\Users\tusharbajaj\.m2\repository\org\springframework\spring-web\5.1.1.RELEASE\spring-web-5.1.1.RELEASE.jar;C:\Users\tusharbajaj\.m2\repository\org\springframework\spring-test\5.1.1.RELEASE\spring-test-5.1.1.RELEASE.jar;C:\Users\tusharbajaj\.m2\repository\javax\servlet\javax.servlet-api\3.0.1\javax.servlet-api-3.0.1.jar;"/>
    <property name="sun.cpu.endian" value="little"/>
    <property name="user.home" value="C:\Users\tusharbajaj"/>
    <property name="user.language" value="en"/>
    <property name="java.specification.vendor" value="Oracle Corporation"/>
    <property name="java.version.date" value="2019-10-15"/>
    <property name="java.home" value="C:\Program Files\RedHat\java-11-openjdk-11.0.5-2"/>
    <property name="file.separator" value="\"/>
    <property name="basedir" value="C:\Users\tusharbajaj\Desktop\dev ops\week1\self\springMVC\calc"/>
    <property name="java.vm.compressedOopsMode" value="Zero based"/>
    <property name="line.separator" value="&#10;"/>
    <property name="java.specification.name" value="Java Platform API Specification"/>
    <property name="java.vm.specification.vendor" value="Oracle Corporation"/>
    <property name="java.awt.graphicsenv" value="sun.awt.Win32GraphicsEnvironment"/>
    <property name="surefire.real.class.path" value="C:\Users\tusharbajaj\AppData\Local\Temp\surefire18099555817019558491\surefirebooter3123169516401372284.jar"/>
    <property name="user.script" value=""/>
    <property name="sun.management.compiler" value="HotSpot 64-Bit Tiered Compilers"/>
    <property name="java.runtime.version" value="11.0.5+10-LTS"/>
    <property name="user.name" value="tusharbajaj"/>
    <property name="path.separator" value=";"/>
    <property name="os.version" value="10.0"/>
    <property name="java.runtime.name" value="OpenJDK Runtime Environment"/>
    <property name="file.encoding" value="Cp1252"/>
    <property name="java.vm.name" value="OpenJDK 64-Bit Server VM"/>
    <property name="java.vendor.version" value="18.9"/>
    <property name="localRepository" value="C:\Users\tusharbajaj\.m2\repository"/>
    <property name="java.vendor.url.bug" value="http://bugreport.java.com/bugreport/"/>
    <property name="java.io.tmpdir" value="C:\Users\TUSHAR~1\AppData\Local\Temp\"/>
    <property name="java.version" value="11.0.5"/>
    <property name="user.dir" value="C:\Users\tusharbajaj\Desktop\dev ops\week1\self\springMVC\calc"/>
    <property name="os.arch" value="amd64"/>
    <property name="java.vm.specification.name" value="Java Virtual Machine Specification"/>
    <property name="java.awt.printerjob" value="sun.awt.windows.WPrinterJob"/>
    <property name="sun.os.patch.level" value=""/>
    <property name="java.library.path" value="C:\Program Files\RedHat\java-11-openjdk-11.0.5-2\bin;C:\WINDOWS\Sun\Java\bin;C:\WINDOWS\system32;C:\WINDOWS;C:\WINDOWS\system32;C:\WINDOWS;C:\WINDOWS\System32\Wbem;C:\WINDOWS\System32\WindowsPowerShell\v1.0\;C:\WINDOWS\System32\OpenSSH\;C:\Program Files\TortoiseSVN\bin;C:\Program Files\dotnet\;C:\Program Files\Microsoft SQL Server\130\Tools\Binn\;C:\Program Files\Microsoft SQL Server\Client SDK\ODBC\170\Tools\Binn\;C:\Program Files\nodejs\;C:\Program Files (x86)\Microsoft SQL Server\150\DTS\Binn\;C:\Program Files\Azure Data Studio\bin;C:\Program Files (x86)\Microsoft SQL Server\140\Tools\Binn\;C:\Program Files\Microsoft SQL Server\140\Tools\Binn\;C:\Program Files (x86)\Microsoft SQL Server\140\DTS\Binn\;C:\Program Files\Microsoft SQL Server\140\DTS\Binn\;C:\Program Files\Microsoft SQL Server\Client SDK\ODBC\130\Tools\Binn\;C:\Program Files\RedHat\java-11-openjdk-11.0.5-2\bin;C:\Program Files\Git\cmd;C:\Program Files\apache-maven-3.8.2-bin\apache-maven-3.8.2\bin;C:\Program Files\terraform_1.3.9_windows_386;;C:\Program Files\Microsoft VS Code\bin;C:\Program Files\PuTTY\;C:\Users\tusharbajaj\AppData\Local\Microsoft\WindowsApps;C:\Users\tusharbajaj\AppData\Roaming\npm;C:\Users\tusharbajaj\AppData\Local\Programs\Microsoft VS Code\bin;C:\Users\tusharbajaj\.dotnet\tools;."/>
    <property name="java.vendor" value="Oracle Corporation"/>
    <property name="java.vm.info" value="mixed mode"/>
    <property name="java.vm.version" value="11.0.5+10-LTS"/>
    <property name="sun.io.unicode.encoding" value="UnicodeLittle"/>
    <property name="java.class.version" value="55.0"/>
  </properties>
  <testcase name="subTest0" classname="com.proj.services.TestCases" time="0"/>
  <testcase name="subTest1" classname="com.proj.services.TestCases" time="0"/>
  <testcase name="addTest0" classname="com.proj.services.TestCases" time="0"/>
  <testcase name="addTest1" classname="com.proj.services.TestCases" time="0"/>
  <testcase name="divTest0" classname="com.proj.services.TestCases" time="0"/>
  <testcase name="divTest1" classname="com.proj.services.TestCases" time="0"/>
  <testcase name="divTest2" classname="com.proj.services.TestCases" time="0"/>
  <testcase name="mulTest0" classname="com.proj.services.TestCases" time="0"/>
  <testcase name="mulTest1" classname="com.proj.services.TestCases" time="0"/>
</testsuite>